[2026-04-25T14:38:25.149+0000] {local_task_job_runner.py:123} INFO - ::group::Pre task execution logs
[2026-04-25T14:38:25.190+0000] {taskinstance.py:2613} INFO - Dependencies all met for dep_context=non-requeueable deps ti=<TaskInstance: jobs_analytics.transform manual__2026-04-25T14:38:11.716303+00:00 [queued]>
[2026-04-25T14:38:25.207+0000] {taskinstance.py:2613} INFO - Dependencies all met for dep_context=requeueable deps ti=<TaskInstance: jobs_analytics.transform manual__2026-04-25T14:38:11.716303+00:00 [queued]>
[2026-04-25T14:38:25.208+0000] {taskinstance.py:2866} INFO - Starting attempt 1 of 1
[2026-04-25T14:38:25.242+0000] {taskinstance.py:2889} INFO - Executing <Task(_PythonDecoratedOperator): transform> on 2026-04-25 14:38:11.716303+00:00
[2026-04-25T14:38:25.259+0000] {warnings.py:112} WARNING - /home/***/.local/lib/python3.12/site-packages/***/task/task_runner/standard_task_runner.py:70: DeprecationWarning: This process (pid=1300) is multi-threaded, use of fork() may lead to deadlocks in the child.
  pid = os.fork()

[2026-04-25T14:38:25.263+0000] {standard_task_runner.py:72} INFO - Started process 1306 to run task
[2026-04-25T14:38:25.286+0000] {standard_task_runner.py:104} INFO - Running: ['***', 'tasks', 'run', 'jobs_analytics', 'transform', 'manual__2026-04-25T14:38:11.716303+00:00', '--job-id', '25', '--raw', '--subdir', 'DAGS_FOLDER/job_analysis.py', '--cfg-path', '/tmp/tmpexq4qwxv']
[2026-04-25T14:38:25.288+0000] {standard_task_runner.py:105} INFO - Job 25: Subtask transform
[2026-04-25T14:38:25.412+0000] {task_command.py:467} INFO - Running <TaskInstance: jobs_analytics.transform manual__2026-04-25T14:38:11.716303+00:00 [running]> on host e9014596f7a8
[2026-04-25T14:38:25.638+0000] {taskinstance.py:3132} INFO - Exporting env vars: AIRFLOW_CTX_DAG_OWNER='***' AIRFLOW_CTX_DAG_ID='jobs_analytics' AIRFLOW_CTX_TASK_ID='transform' AIRFLOW_CTX_EXECUTION_DATE='2026-04-25T14:38:11.716303+00:00' AIRFLOW_CTX_TRY_NUMBER='1' AIRFLOW_CTX_DAG_RUN_ID='manual__2026-04-25T14:38:11.716303+00:00'
[2026-04-25T14:38:25.641+0000] {logging_mixin.py:190} INFO - Task instance is in running state
[2026-04-25T14:38:25.642+0000] {logging_mixin.py:190} INFO -  Previous state of the Task instance: queued
[2026-04-25T14:38:25.643+0000] {logging_mixin.py:190} INFO - Current task name:transform state:running start_date:2026-04-25 14:38:25.191544+00:00
[2026-04-25T14:38:25.644+0000] {logging_mixin.py:190} INFO - Dag name:jobs_analytics and current dag run status:running
[2026-04-25T14:38:25.645+0000] {taskinstance.py:731} INFO - ::endgroup::
[2026-04-25T14:38:25.646+0000] {python.py:240} INFO - Done. Returned value was: {'total_jobs': 15, 'top_companies': {'Vertex Technologies  -': 2, 'Confidential -': 2, 'Concrete Plus -': 2, 'Anzemah -': 2, 'GB Corp -': 1}, 'top_locations': {'Cairo, Egypt': 4, 'Giza, Egypt': 3, 'New Capital, Cairo, Egypt': 3, 'Obour City, Cairo, Egypt': 1, 'Mohandessin, Giza, Egypt': 1}}
[2026-04-25T14:38:25.693+0000] {taskinstance.py:340} INFO - ::group::Post task execution logs
[2026-04-25T14:38:25.694+0000] {taskinstance.py:352} INFO - Marking task as SUCCESS. dag_id=jobs_analytics, task_id=transform, run_id=manual__2026-04-25T14:38:11.716303+00:00, execution_date=20260425T143811, start_date=20260425T143825, end_date=20260425T143825
[2026-04-25T14:38:25.715+0000] {logging_mixin.py:190} INFO - Task instance in success state
[2026-04-25T14:38:25.717+0000] {logging_mixin.py:190} INFO -  Previous state of the Task instance: running
[2026-04-25T14:38:25.719+0000] {logging_mixin.py:190} INFO - Dag name:jobs_analytics queued_at:2026-04-25 14:38:11.753333+00:00
[2026-04-25T14:38:25.720+0000] {logging_mixin.py:190} INFO - Task hostname:e9014596f7a8 operator:_PythonDecoratedOperator
[2026-04-25T14:38:25.770+0000] {local_task_job_runner.py:266} INFO - Task exited with return code 0
[2026-04-25T14:38:25.813+0000] {taskinstance.py:3895} INFO - 1 downstream tasks scheduled from follow-on schedule check
[2026-04-25T14:38:25.819+0000] {local_task_job_runner.py:245} INFO - ::endgroup::
