[2026-04-25T15:02:24.987+0000] {local_task_job_runner.py:123} INFO - ::group::Pre task execution logs
[2026-04-25T15:02:25.041+0000] {taskinstance.py:2613} INFO - Dependencies all met for dep_context=non-requeueable deps ti=<TaskInstance: wuzzuf_etl_pipeline_regex.load_to_postgres manual__2026-04-25T15:01:21.208474+00:00 [queued]>
[2026-04-25T15:02:25.064+0000] {taskinstance.py:2613} INFO - Dependencies all met for dep_context=requeueable deps ti=<TaskInstance: wuzzuf_etl_pipeline_regex.load_to_postgres manual__2026-04-25T15:01:21.208474+00:00 [queued]>
[2026-04-25T15:02:25.066+0000] {taskinstance.py:2866} INFO - Starting attempt 1 of 1
[2026-04-25T15:02:25.127+0000] {taskinstance.py:2889} INFO - Executing <Task(_PythonDecoratedOperator): load_to_postgres> on 2026-04-25 15:01:21.208474+00:00
[2026-04-25T15:02:25.148+0000] {warnings.py:112} WARNING - /home/***/.local/lib/python3.12/site-packages/***/task/task_runner/standard_task_runner.py:70: DeprecationWarning: This process (pid=1658) is multi-threaded, use of fork() may lead to deadlocks in the child.
  pid = os.fork()

[2026-04-25T15:02:25.158+0000] {standard_task_runner.py:72} INFO - Started process 1660 to run task
[2026-04-25T15:02:25.154+0000] {standard_task_runner.py:104} INFO - Running: ['***', 'tasks', 'run', 'wuzzuf_etl_pipeline_regex', 'load_to_postgres', 'manual__2026-04-25T15:01:21.208474+00:00', '--job-id', '40', '--raw', '--subdir', 'DAGS_FOLDER/Wuzuf_Scraper.py', '--cfg-path', '/tmp/tmpjobta3sp']
[2026-04-25T15:02:25.171+0000] {standard_task_runner.py:105} INFO - Job 40: Subtask load_to_postgres
[2026-04-25T15:02:25.310+0000] {task_command.py:467} INFO - Running <TaskInstance: wuzzuf_etl_pipeline_regex.load_to_postgres manual__2026-04-25T15:01:21.208474+00:00 [running]> on host e9014596f7a8
[2026-04-25T15:02:25.621+0000] {taskinstance.py:3132} INFO - Exporting env vars: AIRFLOW_CTX_DAG_OWNER='***' AIRFLOW_CTX_DAG_ID='wuzzuf_etl_pipeline_regex' AIRFLOW_CTX_TASK_ID='load_to_postgres' AIRFLOW_CTX_EXECUTION_DATE='2026-04-25T15:01:21.208474+00:00' AIRFLOW_CTX_TRY_NUMBER='1' AIRFLOW_CTX_DAG_RUN_ID='manual__2026-04-25T15:01:21.208474+00:00'
[2026-04-25T15:02:25.625+0000] {logging_mixin.py:190} INFO - Task instance is in running state
[2026-04-25T15:02:25.626+0000] {logging_mixin.py:190} INFO -  Previous state of the Task instance: queued
[2026-04-25T15:02:25.627+0000] {logging_mixin.py:190} INFO - Current task name:load_to_postgres state:running start_date:2026-04-25 15:02:25.043069+00:00
[2026-04-25T15:02:25.627+0000] {logging_mixin.py:190} INFO - Dag name:wuzzuf_etl_pipeline_regex and current dag run status:running
[2026-04-25T15:02:25.628+0000] {taskinstance.py:731} INFO - ::endgroup::
[2026-04-25T15:02:25.648+0000] {base.py:84} INFO - Retrieving connection 'postgres_conn'
[2026-04-25T15:02:25.676+0000] {python.py:240} INFO - Done. Returned value was: None
[2026-04-25T15:02:25.715+0000] {taskinstance.py:340} INFO - ::group::Post task execution logs
[2026-04-25T15:02:25.716+0000] {taskinstance.py:352} INFO - Marking task as SUCCESS. dag_id=wuzzuf_etl_pipeline_regex, task_id=load_to_postgres, run_id=manual__2026-04-25T15:01:21.208474+00:00, execution_date=20260425T150121, start_date=20260425T150225, end_date=20260425T150225
[2026-04-25T15:02:25.743+0000] {logging_mixin.py:190} INFO - Task instance in success state
[2026-04-25T15:02:25.747+0000] {logging_mixin.py:190} INFO -  Previous state of the Task instance: running
[2026-04-25T15:02:25.749+0000] {logging_mixin.py:190} INFO - Dag name:wuzzuf_etl_pipeline_regex queued_at:2026-04-25 15:01:21.427591+00:00
[2026-04-25T15:02:25.750+0000] {logging_mixin.py:190} INFO - Task hostname:e9014596f7a8 operator:_PythonDecoratedOperator
[2026-04-25T15:02:25.784+0000] {local_task_job_runner.py:266} INFO - Task exited with return code 0
[2026-04-25T15:02:25.816+0000] {taskinstance.py:3895} INFO - 0 downstream tasks scheduled from follow-on schedule check
[2026-04-25T15:02:25.823+0000] {local_task_job_runner.py:245} INFO - ::endgroup::
