[2026-04-25T14:37:11.026+0000] {local_task_job_runner.py:123} INFO - ::group::Pre task execution logs
[2026-04-25T14:37:11.052+0000] {taskinstance.py:2613} INFO - Dependencies all met for dep_context=non-requeueable deps ti=<TaskInstance: wuzzuf_etl_pipeline.load_to_postgres manual__2026-04-25T14:36:56.201341+00:00 [queued]>
[2026-04-25T14:37:11.063+0000] {taskinstance.py:2613} INFO - Dependencies all met for dep_context=requeueable deps ti=<TaskInstance: wuzzuf_etl_pipeline.load_to_postgres manual__2026-04-25T14:36:56.201341+00:00 [queued]>
[2026-04-25T14:37:11.064+0000] {taskinstance.py:2866} INFO - Starting attempt 1 of 1
[2026-04-25T14:37:11.085+0000] {taskinstance.py:2889} INFO - Executing <Task(_PythonDecoratedOperator): load_to_postgres> on 2026-04-25 14:36:56.201341+00:00
[2026-04-25T14:37:11.095+0000] {warnings.py:112} WARNING - /home/***/.local/lib/python3.12/site-packages/***/task/task_runner/standard_task_runner.py:70: DeprecationWarning: This process (pid=1272) is multi-threaded, use of fork() may lead to deadlocks in the child.
  pid = os.fork()

[2026-04-25T14:37:11.098+0000] {standard_task_runner.py:72} INFO - Started process 1274 to run task
[2026-04-25T14:37:11.098+0000] {standard_task_runner.py:104} INFO - Running: ['***', 'tasks', 'run', 'wuzzuf_etl_pipeline', 'load_to_postgres', 'manual__2026-04-25T14:36:56.201341+00:00', '--job-id', '21', '--raw', '--subdir', 'DAGS_FOLDER/Wuzuf_Scraper.py', '--cfg-path', '/tmp/tmpc_1q665a']
[2026-04-25T14:37:11.100+0000] {standard_task_runner.py:105} INFO - Job 21: Subtask load_to_postgres
[2026-04-25T14:37:11.183+0000] {task_command.py:467} INFO - Running <TaskInstance: wuzzuf_etl_pipeline.load_to_postgres manual__2026-04-25T14:36:56.201341+00:00 [running]> on host e9014596f7a8
[2026-04-25T14:37:11.304+0000] {taskinstance.py:3132} INFO - Exporting env vars: AIRFLOW_CTX_DAG_OWNER='***' AIRFLOW_CTX_DAG_ID='wuzzuf_etl_pipeline' AIRFLOW_CTX_TASK_ID='load_to_postgres' AIRFLOW_CTX_EXECUTION_DATE='2026-04-25T14:36:56.201341+00:00' AIRFLOW_CTX_TRY_NUMBER='1' AIRFLOW_CTX_DAG_RUN_ID='manual__2026-04-25T14:36:56.201341+00:00'
[2026-04-25T14:37:11.307+0000] {logging_mixin.py:190} INFO - Task instance is in running state
[2026-04-25T14:37:11.307+0000] {logging_mixin.py:190} INFO -  Previous state of the Task instance: queued
[2026-04-25T14:37:11.308+0000] {logging_mixin.py:190} INFO - Current task name:load_to_postgres state:running start_date:2026-04-25 14:37:11.053372+00:00
[2026-04-25T14:37:11.309+0000] {logging_mixin.py:190} INFO - Dag name:wuzzuf_etl_pipeline and current dag run status:running
[2026-04-25T14:37:11.309+0000] {taskinstance.py:731} INFO - ::endgroup::
[2026-04-25T14:37:11.321+0000] {base.py:84} INFO - Retrieving connection 'postgres_conn'
[2026-04-25T14:37:11.338+0000] {python.py:240} INFO - Done. Returned value was: None
[2026-04-25T14:37:11.350+0000] {taskinstance.py:340} INFO - ::group::Post task execution logs
[2026-04-25T14:37:11.351+0000] {taskinstance.py:352} INFO - Marking task as SUCCESS. dag_id=wuzzuf_etl_pipeline, task_id=load_to_postgres, run_id=manual__2026-04-25T14:36:56.201341+00:00, execution_date=20260425T143656, start_date=20260425T143711, end_date=20260425T143711
[2026-04-25T14:37:11.366+0000] {logging_mixin.py:190} INFO - Task instance in success state
[2026-04-25T14:37:11.367+0000] {logging_mixin.py:190} INFO -  Previous state of the Task instance: running
[2026-04-25T14:37:11.367+0000] {logging_mixin.py:190} INFO - Dag name:wuzzuf_etl_pipeline queued_at:2026-04-25 14:36:56.250147+00:00
[2026-04-25T14:37:11.368+0000] {logging_mixin.py:190} INFO - Task hostname:e9014596f7a8 operator:_PythonDecoratedOperator
[2026-04-25T14:37:11.400+0000] {local_task_job_runner.py:266} INFO - Task exited with return code 0
[2026-04-25T14:37:11.421+0000] {taskinstance.py:3895} INFO - 0 downstream tasks scheduled from follow-on schedule check
[2026-04-25T14:37:11.427+0000] {local_task_job_runner.py:245} INFO - ::endgroup::
