[2026-04-25T15:03:27.863+0000] {local_task_job_runner.py:123} INFO - ::group::Pre task execution logs
[2026-04-25T15:03:27.932+0000] {taskinstance.py:2613} INFO - Dependencies all met for dep_context=non-requeueable deps ti=<TaskInstance: jobs_analytics.load manual__2026-04-25T15:03:08.439832+00:00 [queued]>
[2026-04-25T15:03:27.972+0000] {taskinstance.py:2613} INFO - Dependencies all met for dep_context=requeueable deps ti=<TaskInstance: jobs_analytics.load manual__2026-04-25T15:03:08.439832+00:00 [queued]>
[2026-04-25T15:03:27.987+0000] {taskinstance.py:2866} INFO - Starting attempt 1 of 1
[2026-04-25T15:03:28.300+0000] {taskinstance.py:2889} INFO - Executing <Task(_PythonDecoratedOperator): load> on 2026-04-25 15:03:08.439832+00:00
[2026-04-25T15:03:28.320+0000] {warnings.py:112} WARNING - /home/***/.local/lib/python3.12/site-packages/***/task/task_runner/standard_task_runner.py:70: DeprecationWarning: This process (pid=1685) is multi-threaded, use of fork() may lead to deadlocks in the child.
  pid = os.fork()

[2026-04-25T15:03:28.331+0000] {standard_task_runner.py:72} INFO - Started process 1687 to run task
[2026-04-25T15:03:28.332+0000] {standard_task_runner.py:104} INFO - Running: ['***', 'tasks', 'run', 'jobs_analytics', 'load', 'manual__2026-04-25T15:03:08.439832+00:00', '--job-id', '43', '--raw', '--subdir', 'DAGS_FOLDER/job_analysis.py', '--cfg-path', '/tmp/tmpway6gna4']
[2026-04-25T15:03:28.335+0000] {standard_task_runner.py:105} INFO - Job 43: Subtask load
[2026-04-25T15:03:28.479+0000] {task_command.py:467} INFO - Running <TaskInstance: jobs_analytics.load manual__2026-04-25T15:03:08.439832+00:00 [running]> on host e9014596f7a8
[2026-04-25T15:03:29.357+0000] {taskinstance.py:3132} INFO - Exporting env vars: AIRFLOW_CTX_DAG_OWNER='***' AIRFLOW_CTX_DAG_ID='jobs_analytics' AIRFLOW_CTX_TASK_ID='load' AIRFLOW_CTX_EXECUTION_DATE='2026-04-25T15:03:08.439832+00:00' AIRFLOW_CTX_TRY_NUMBER='1' AIRFLOW_CTX_DAG_RUN_ID='manual__2026-04-25T15:03:08.439832+00:00'
[2026-04-25T15:03:29.359+0000] {logging_mixin.py:190} INFO - Task instance is in running state
[2026-04-25T15:03:29.360+0000] {logging_mixin.py:190} INFO -  Previous state of the Task instance: queued
[2026-04-25T15:03:29.361+0000] {logging_mixin.py:190} INFO - Current task name:load state:running start_date:2026-04-25 15:03:27.939582+00:00
[2026-04-25T15:03:29.361+0000] {logging_mixin.py:190} INFO - Dag name:jobs_analytics and current dag run status:running
[2026-04-25T15:03:29.362+0000] {taskinstance.py:731} INFO - ::endgroup::
[2026-04-25T15:03:29.378+0000] {base.py:84} INFO - Retrieving connection 'postgres_conn'
[2026-04-25T15:03:29.556+0000] {python.py:240} INFO - Done. Returned value was: None
[2026-04-25T15:03:29.571+0000] {taskinstance.py:340} INFO - ::group::Post task execution logs
[2026-04-25T15:03:29.572+0000] {taskinstance.py:352} INFO - Marking task as SUCCESS. dag_id=jobs_analytics, task_id=load, run_id=manual__2026-04-25T15:03:08.439832+00:00, execution_date=20260425T150308, start_date=20260425T150327, end_date=20260425T150329
[2026-04-25T15:03:29.593+0000] {logging_mixin.py:190} INFO - Task instance in success state
[2026-04-25T15:03:29.594+0000] {logging_mixin.py:190} INFO -  Previous state of the Task instance: running
[2026-04-25T15:03:29.596+0000] {logging_mixin.py:190} INFO - Dag name:jobs_analytics queued_at:2026-04-25 15:03:08.674151+00:00
[2026-04-25T15:03:29.597+0000] {logging_mixin.py:190} INFO - Task hostname:e9014596f7a8 operator:_PythonDecoratedOperator
[2026-04-25T15:03:29.644+0000] {local_task_job_runner.py:266} INFO - Task exited with return code 0
[2026-04-25T15:03:29.672+0000] {taskinstance.py:3895} INFO - 0 downstream tasks scheduled from follow-on schedule check
[2026-04-25T15:03:29.688+0000] {local_task_job_runner.py:245} INFO - ::endgroup::
