[2026-04-25T14:38:29.827+0000] {local_task_job_runner.py:123} INFO - ::group::Pre task execution logs
[2026-04-25T14:38:29.874+0000] {taskinstance.py:2613} INFO - Dependencies all met for dep_context=non-requeueable deps ti=<TaskInstance: jobs_analytics.load manual__2026-04-25T14:38:11.716303+00:00 [queued]>
[2026-04-25T14:38:29.892+0000] {taskinstance.py:2613} INFO - Dependencies all met for dep_context=requeueable deps ti=<TaskInstance: jobs_analytics.load manual__2026-04-25T14:38:11.716303+00:00 [queued]>
[2026-04-25T14:38:29.893+0000] {taskinstance.py:2866} INFO - Starting attempt 1 of 1
[2026-04-25T14:38:29.931+0000] {taskinstance.py:2889} INFO - Executing <Task(_PythonDecoratedOperator): load> on 2026-04-25 14:38:11.716303+00:00
[2026-04-25T14:38:29.952+0000] {warnings.py:112} WARNING - /home/***/.local/lib/python3.12/site-packages/***/task/task_runner/standard_task_runner.py:70: DeprecationWarning: This process (pid=1308) is multi-threaded, use of fork() may lead to deadlocks in the child.
  pid = os.fork()

[2026-04-25T14:38:29.956+0000] {standard_task_runner.py:72} INFO - Started process 1312 to run task
[2026-04-25T14:38:29.956+0000] {standard_task_runner.py:104} INFO - Running: ['***', 'tasks', 'run', 'jobs_analytics', 'load', 'manual__2026-04-25T14:38:11.716303+00:00', '--job-id', '27', '--raw', '--subdir', 'DAGS_FOLDER/job_analysis.py', '--cfg-path', '/tmp/tmpc_nlhule']
[2026-04-25T14:38:29.958+0000] {standard_task_runner.py:105} INFO - Job 27: Subtask load
[2026-04-25T14:38:30.101+0000] {task_command.py:467} INFO - Running <TaskInstance: jobs_analytics.load manual__2026-04-25T14:38:11.716303+00:00 [running]> on host e9014596f7a8
[2026-04-25T14:38:30.345+0000] {taskinstance.py:3132} INFO - Exporting env vars: AIRFLOW_CTX_DAG_OWNER='***' AIRFLOW_CTX_DAG_ID='jobs_analytics' AIRFLOW_CTX_TASK_ID='load' AIRFLOW_CTX_EXECUTION_DATE='2026-04-25T14:38:11.716303+00:00' AIRFLOW_CTX_TRY_NUMBER='1' AIRFLOW_CTX_DAG_RUN_ID='manual__2026-04-25T14:38:11.716303+00:00'
[2026-04-25T14:38:30.349+0000] {logging_mixin.py:190} INFO - Task instance is in running state
[2026-04-25T14:38:30.351+0000] {logging_mixin.py:190} INFO -  Previous state of the Task instance: queued
[2026-04-25T14:38:30.352+0000] {logging_mixin.py:190} INFO - Current task name:load state:running start_date:2026-04-25 14:38:29.875379+00:00
[2026-04-25T14:38:30.353+0000] {logging_mixin.py:190} INFO - Dag name:jobs_analytics and current dag run status:running
[2026-04-25T14:38:30.354+0000] {taskinstance.py:731} INFO - ::endgroup::
[2026-04-25T14:38:30.383+0000] {base.py:84} INFO - Retrieving connection 'postgres_conn'
[2026-04-25T14:38:30.628+0000] {python.py:240} INFO - Done. Returned value was: None
[2026-04-25T14:38:30.649+0000] {taskinstance.py:340} INFO - ::group::Post task execution logs
[2026-04-25T14:38:30.651+0000] {taskinstance.py:352} INFO - Marking task as SUCCESS. dag_id=jobs_analytics, task_id=load, run_id=manual__2026-04-25T14:38:11.716303+00:00, execution_date=20260425T143811, start_date=20260425T143829, end_date=20260425T143830
[2026-04-25T14:38:30.709+0000] {logging_mixin.py:190} INFO - Task instance in success state
[2026-04-25T14:38:30.710+0000] {logging_mixin.py:190} INFO -  Previous state of the Task instance: running
[2026-04-25T14:38:30.710+0000] {logging_mixin.py:190} INFO - Dag name:jobs_analytics queued_at:2026-04-25 14:38:11.753333+00:00
[2026-04-25T14:38:30.711+0000] {logging_mixin.py:190} INFO - Task hostname:e9014596f7a8 operator:_PythonDecoratedOperator
[2026-04-25T14:38:30.744+0000] {local_task_job_runner.py:266} INFO - Task exited with return code 0
[2026-04-25T14:38:30.777+0000] {taskinstance.py:3895} INFO - 0 downstream tasks scheduled from follow-on schedule check
[2026-04-25T14:38:30.872+0000] {local_task_job_runner.py:245} INFO - ::endgroup::
