[2026-04-25T14:38:22.873+0000] {local_task_job_runner.py:123} INFO - ::group::Pre task execution logs
[2026-04-25T14:38:22.917+0000] {taskinstance.py:2613} INFO - Dependencies all met for dep_context=non-requeueable deps ti=<TaskInstance: jobs_analytics.transform scheduled__2026-04-24T00:00:00+00:00 [queued]>
[2026-04-25T14:38:22.942+0000] {taskinstance.py:2613} INFO - Dependencies all met for dep_context=requeueable deps ti=<TaskInstance: jobs_analytics.transform scheduled__2026-04-24T00:00:00+00:00 [queued]>
[2026-04-25T14:38:22.943+0000] {taskinstance.py:2866} INFO - Starting attempt 1 of 1
[2026-04-25T14:38:22.994+0000] {taskinstance.py:2889} INFO - Executing <Task(_PythonDecoratedOperator): transform> on 2026-04-24 00:00:00+00:00
[2026-04-25T14:38:23.026+0000] {warnings.py:112} WARNING - /home/***/.local/lib/python3.12/site-packages/***/task/task_runner/standard_task_runner.py:70: DeprecationWarning: This process (pid=1296) is multi-threaded, use of fork() may lead to deadlocks in the child.
  pid = os.fork()

[2026-04-25T14:38:23.030+0000] {standard_task_runner.py:72} INFO - Started process 1302 to run task
[2026-04-25T14:38:23.031+0000] {standard_task_runner.py:104} INFO - Running: ['***', 'tasks', 'run', 'jobs_analytics', 'transform', 'scheduled__2026-04-24T00:00:00+00:00', '--job-id', '24', '--raw', '--subdir', 'DAGS_FOLDER/job_analysis.py', '--cfg-path', '/tmp/tmplstw33cn']
[2026-04-25T14:38:23.039+0000] {standard_task_runner.py:105} INFO - Job 24: Subtask transform
[2026-04-25T14:38:22.694+0000] {task_command.py:467} INFO - Running <TaskInstance: jobs_analytics.transform scheduled__2026-04-24T00:00:00+00:00 [running]> on host e9014596f7a8
[2026-04-25T14:38:22.582+0000] {taskinstance.py:3132} INFO - Exporting env vars: AIRFLOW_CTX_DAG_OWNER='***' AIRFLOW_CTX_DAG_ID='jobs_analytics' AIRFLOW_CTX_TASK_ID='transform' AIRFLOW_CTX_EXECUTION_DATE='2026-04-24T00:00:00+00:00' AIRFLOW_CTX_TRY_NUMBER='1' AIRFLOW_CTX_DAG_RUN_ID='scheduled__2026-04-24T00:00:00+00:00'
[2026-04-25T14:38:22.585+0000] {logging_mixin.py:190} INFO - Task instance is in running state
[2026-04-25T14:38:22.586+0000] {logging_mixin.py:190} INFO -  Previous state of the Task instance: queued
[2026-04-25T14:38:22.587+0000] {logging_mixin.py:190} INFO - Current task name:transform state:running start_date:2026-04-25 14:38:22.918944+00:00
[2026-04-25T14:38:22.588+0000] {logging_mixin.py:190} INFO - Dag name:jobs_analytics and current dag run status:running
[2026-04-25T14:38:22.588+0000] {taskinstance.py:731} INFO - ::endgroup::
[2026-04-25T14:38:22.590+0000] {python.py:240} INFO - Done. Returned value was: {'total_jobs': 15, 'top_companies': {'Vertex Technologies  -': 2, 'Confidential -': 2, 'Concrete Plus -': 2, 'Anzemah -': 2, 'GB Corp -': 1}, 'top_locations': {'Cairo, Egypt': 4, 'Giza, Egypt': 3, 'New Capital, Cairo, Egypt': 3, 'Obour City, Cairo, Egypt': 1, 'Mohandessin, Giza, Egypt': 1}}
[2026-04-25T14:38:22.638+0000] {taskinstance.py:340} INFO - ::group::Post task execution logs
[2026-04-25T14:38:22.639+0000] {taskinstance.py:352} INFO - Marking task as SUCCESS. dag_id=jobs_analytics, task_id=transform, run_id=scheduled__2026-04-24T00:00:00+00:00, execution_date=20260424T000000, start_date=20260425T143822, end_date=20260425T143822
[2026-04-25T14:38:22.662+0000] {logging_mixin.py:190} INFO - Task instance in success state
[2026-04-25T14:38:22.664+0000] {logging_mixin.py:190} INFO -  Previous state of the Task instance: running
[2026-04-25T14:38:22.665+0000] {logging_mixin.py:190} INFO - Dag name:jobs_analytics queued_at:2026-04-25 14:38:10.540079+00:00
[2026-04-25T14:38:22.666+0000] {logging_mixin.py:190} INFO - Task hostname:e9014596f7a8 operator:_PythonDecoratedOperator
[2026-04-25T14:38:22.718+0000] {local_task_job_runner.py:266} INFO - Task exited with return code 0
[2026-04-25T14:38:22.762+0000] {taskinstance.py:3895} INFO - 1 downstream tasks scheduled from follow-on schedule check
[2026-04-25T14:38:22.768+0000] {local_task_job_runner.py:245} INFO - ::endgroup::
