[2026-04-25T14:34:20.939+0000] {local_task_job_runner.py:123} INFO - ::group::Pre task execution logs
[2026-04-25T14:34:20.966+0000] {taskinstance.py:2613} INFO - Dependencies all met for dep_context=non-requeueable deps ti=<TaskInstance: postgres_setup_dag.create_table manual__2026-04-25T14:34:11.032896+00:00 [queued]>
[2026-04-25T14:34:20.985+0000] {taskinstance.py:2613} INFO - Dependencies all met for dep_context=requeueable deps ti=<TaskInstance: postgres_setup_dag.create_table manual__2026-04-25T14:34:11.032896+00:00 [queued]>
[2026-04-25T14:34:20.986+0000] {taskinstance.py:2866} INFO - Starting attempt 1 of 1
[2026-04-25T14:34:21.409+0000] {taskinstance.py:2889} INFO - Executing <Task(PostgresOperator): create_table> on 2026-04-25 14:34:11.032896+00:00
[2026-04-25T14:34:21.431+0000] {warnings.py:112} WARNING - /home/***/.local/lib/python3.12/site-packages/***/task/task_runner/standard_task_runner.py:70: DeprecationWarning: This process (pid=1204) is multi-threaded, use of fork() may lead to deadlocks in the child.
  pid = os.fork()

[2026-04-25T14:34:21.438+0000] {standard_task_runner.py:72} INFO - Started process 1206 to run task
[2026-04-25T14:34:21.437+0000] {standard_task_runner.py:104} INFO - Running: ['***', 'tasks', 'run', 'postgres_setup_dag', 'create_table', 'manual__2026-04-25T14:34:11.032896+00:00', '--job-id', '13', '--raw', '--subdir', 'DAGS_FOLDER/postgres_Dag.py', '--cfg-path', '/tmp/tmpacmuffv1']
[2026-04-25T14:34:21.446+0000] {standard_task_runner.py:105} INFO - Job 13: Subtask create_table
[2026-04-25T14:34:21.628+0000] {task_command.py:467} INFO - Running <TaskInstance: postgres_setup_dag.create_table manual__2026-04-25T14:34:11.032896+00:00 [running]> on host e9014596f7a8
[2026-04-25T14:34:21.923+0000] {taskinstance.py:3132} INFO - Exporting env vars: AIRFLOW_CTX_DAG_OWNER='***' AIRFLOW_CTX_DAG_ID='postgres_setup_dag' AIRFLOW_CTX_TASK_ID='create_table' AIRFLOW_CTX_EXECUTION_DATE='2026-04-25T14:34:11.032896+00:00' AIRFLOW_CTX_TRY_NUMBER='1' AIRFLOW_CTX_DAG_RUN_ID='manual__2026-04-25T14:34:11.032896+00:00'
[2026-04-25T14:34:21.926+0000] {logging_mixin.py:190} INFO - Task instance is in running state
[2026-04-25T14:34:21.927+0000] {logging_mixin.py:190} INFO -  Previous state of the Task instance: queued
[2026-04-25T14:34:21.927+0000] {logging_mixin.py:190} INFO - Current task name:create_table state:running start_date:2026-04-25 14:34:20.967131+00:00
[2026-04-25T14:34:21.929+0000] {logging_mixin.py:190} INFO - Dag name:postgres_setup_dag and current dag run status:running
[2026-04-25T14:34:21.930+0000] {taskinstance.py:731} INFO - ::endgroup::
[2026-04-25T14:34:21.932+0000] {sql.py:278} INFO - Executing: 
        CREATE TABLE IF NOT EXISTS jobs (
            id SERIAL PRIMARY KEY,
            title TEXT,
            company TEXT,
            location TEXT,
            job_link TEXT UNIQUE,
            job_types TEXT
        );  
        
[2026-04-25T14:34:21.954+0000] {base.py:84} INFO - Retrieving connection 'postgres_conn'
[2026-04-25T14:34:21.976+0000] {base.py:84} INFO - Retrieving connection 'postgres_conn'
[2026-04-25T14:34:21.985+0000] {sql.py:544} INFO - Running statement: 
        CREATE TABLE IF NOT EXISTS jobs (
            id SERIAL PRIMARY KEY,
            title TEXT,
            company TEXT,
            location TEXT,
            job_link TEXT UNIQUE,
            job_types TEXT
        );  
        , parameters: None
[2026-04-25T14:34:22.007+0000] {taskinstance.py:340} INFO - ::group::Post task execution logs
[2026-04-25T14:34:22.009+0000] {taskinstance.py:352} INFO - Marking task as SUCCESS. dag_id=postgres_setup_dag, task_id=create_table, run_id=manual__2026-04-25T14:34:11.032896+00:00, execution_date=20260425T143411, start_date=20260425T143420, end_date=20260425T143422
[2026-04-25T14:34:22.368+0000] {logging_mixin.py:190} INFO - Task instance in success state
[2026-04-25T14:34:22.371+0000] {logging_mixin.py:190} INFO -  Previous state of the Task instance: running
[2026-04-25T14:34:22.372+0000] {logging_mixin.py:190} INFO - Dag name:postgres_setup_dag queued_at:2026-04-25 14:34:11.074844+00:00
[2026-04-25T14:34:22.373+0000] {logging_mixin.py:190} INFO - Task hostname:e9014596f7a8 operator:PostgresOperator
[2026-04-25T14:34:22.415+0000] {local_task_job_runner.py:266} INFO - Task exited with return code 0
[2026-04-25T14:34:22.464+0000] {taskinstance.py:3895} INFO - 0 downstream tasks scheduled from follow-on schedule check
[2026-04-25T14:34:22.545+0000] {local_task_job_runner.py:245} INFO - ::endgroup::
