[2026-04-25T14:58:16.799+0000] {local_task_job_runner.py:123} INFO - ::group::Pre task execution logs
[2026-04-25T14:58:16.856+0000] {taskinstance.py:2613} INFO - Dependencies all met for dep_context=non-requeueable deps ti=<TaskInstance: postgres_setup_dag.create_table manual__2026-04-25T14:58:06.897603+00:00 [queued]>
[2026-04-25T14:58:16.895+0000] {taskinstance.py:2613} INFO - Dependencies all met for dep_context=requeueable deps ti=<TaskInstance: postgres_setup_dag.create_table manual__2026-04-25T14:58:06.897603+00:00 [queued]>
[2026-04-25T14:58:16.898+0000] {taskinstance.py:2866} INFO - Starting attempt 1 of 1
[2026-04-25T14:58:17.019+0000] {taskinstance.py:2889} INFO - Executing <Task(PostgresOperator): create_table> on 2026-04-25 14:58:06.897603+00:00
[2026-04-25T14:58:17.128+0000] {standard_task_runner.py:104} INFO - Running: ['***', 'tasks', 'run', 'postgres_setup_dag', 'create_table', 'manual__2026-04-25T14:58:06.897603+00:00', '--job-id', '36', '--raw', '--subdir', 'DAGS_FOLDER/postgres_Dag.py', '--cfg-path', '/tmp/tmppb2cozve']
[2026-04-25T14:58:17.114+0000] {warnings.py:112} WARNING - /home/***/.local/lib/python3.12/site-packages/***/task/task_runner/standard_task_runner.py:70: DeprecationWarning: This process (pid=1595) is multi-threaded, use of fork() may lead to deadlocks in the child.
  pid = os.fork()

[2026-04-25T14:58:17.134+0000] {standard_task_runner.py:105} INFO - Job 36: Subtask create_table
[2026-04-25T14:58:17.136+0000] {standard_task_runner.py:72} INFO - Started process 1604 to run task
[2026-04-25T14:58:17.381+0000] {task_command.py:467} INFO - Running <TaskInstance: postgres_setup_dag.create_table manual__2026-04-25T14:58:06.897603+00:00 [running]> on host e9014596f7a8
[2026-04-25T14:58:18.136+0000] {taskinstance.py:3132} INFO - Exporting env vars: AIRFLOW_CTX_DAG_OWNER='***' AIRFLOW_CTX_DAG_ID='postgres_setup_dag' AIRFLOW_CTX_TASK_ID='create_table' AIRFLOW_CTX_EXECUTION_DATE='2026-04-25T14:58:06.897603+00:00' AIRFLOW_CTX_TRY_NUMBER='1' AIRFLOW_CTX_DAG_RUN_ID='manual__2026-04-25T14:58:06.897603+00:00'
[2026-04-25T14:58:18.144+0000] {logging_mixin.py:190} INFO - Task instance is in running state
[2026-04-25T14:58:18.146+0000] {logging_mixin.py:190} INFO -  Previous state of the Task instance: queued
[2026-04-25T14:58:18.147+0000] {logging_mixin.py:190} INFO - Current task name:create_table state:running start_date:2026-04-25 14:58:16.861376+00:00
[2026-04-25T14:58:18.148+0000] {logging_mixin.py:190} INFO - Dag name:postgres_setup_dag and current dag run status:running
[2026-04-25T14:58:18.149+0000] {taskinstance.py:731} INFO - ::endgroup::
[2026-04-25T14:58:18.150+0000] {sql.py:278} INFO - Executing: 
        CREATE TABLE IF NOT EXISTS jobs (
            id SERIAL PRIMARY KEY,
            title TEXT,
            company TEXT,
            location TEXT,
            job_link TEXT UNIQUE,
            job_types TEXT
        );  
        
[2026-04-25T14:58:18.192+0000] {base.py:84} INFO - Retrieving connection 'postgres_conn'
[2026-04-25T14:58:18.241+0000] {base.py:84} INFO - Retrieving connection 'postgres_conn'
[2026-04-25T14:58:18.274+0000] {sql.py:544} INFO - Running statement: 
        CREATE TABLE IF NOT EXISTS jobs (
            id SERIAL PRIMARY KEY,
            title TEXT,
            company TEXT,
            location TEXT,
            job_link TEXT UNIQUE,
            job_types TEXT
        );  
        , parameters: None
[2026-04-25T14:58:18.422+0000] {taskinstance.py:340} INFO - ::group::Post task execution logs
[2026-04-25T14:58:18.426+0000] {taskinstance.py:352} INFO - Marking task as SUCCESS. dag_id=postgres_setup_dag, task_id=create_table, run_id=manual__2026-04-25T14:58:06.897603+00:00, execution_date=20260425T145806, start_date=20260425T145816, end_date=20260425T145818
[2026-04-25T14:58:18.452+0000] {logging_mixin.py:190} INFO - Task instance in success state
[2026-04-25T14:58:18.453+0000] {logging_mixin.py:190} INFO -  Previous state of the Task instance: running
[2026-04-25T14:58:18.454+0000] {logging_mixin.py:190} INFO - Dag name:postgres_setup_dag queued_at:2026-04-25 14:58:07.295108+00:00
[2026-04-25T14:58:18.455+0000] {logging_mixin.py:190} INFO - Task hostname:e9014596f7a8 operator:PostgresOperator
[2026-04-25T14:58:18.500+0000] {local_task_job_runner.py:266} INFO - Task exited with return code 0
[2026-04-25T14:58:18.539+0000] {taskinstance.py:3895} INFO - 0 downstream tasks scheduled from follow-on schedule check
[2026-04-25T14:58:18.578+0000] {local_task_job_runner.py:245} INFO - ::endgroup::
