[2026-04-25T14:30:14.022+0000] {local_task_job_runner.py:123} INFO - ::group::Pre task execution logs
[2026-04-25T14:30:14.061+0000] {taskinstance.py:2613} INFO - Dependencies all met for dep_context=non-requeueable deps ti=<TaskInstance: wuzzuf_etl_pipeline.deduplicate scheduled__2026-04-24T00:00:00+00:00 [queued]>
[2026-04-25T14:30:14.078+0000] {taskinstance.py:2613} INFO - Dependencies all met for dep_context=requeueable deps ti=<TaskInstance: wuzzuf_etl_pipeline.deduplicate scheduled__2026-04-24T00:00:00+00:00 [queued]>
[2026-04-25T14:30:14.079+0000] {taskinstance.py:2866} INFO - Starting attempt 1 of 1
[2026-04-25T14:30:14.181+0000] {taskinstance.py:2889} INFO - Executing <Task(_PythonDecoratedOperator): deduplicate> on 2026-04-24 00:00:00+00:00
[2026-04-25T14:30:14.192+0000] {warnings.py:112} WARNING - /home/***/.local/lib/python3.12/site-packages/***/task/task_runner/standard_task_runner.py:70: DeprecationWarning: This process (pid=1136) is multi-threaded, use of fork() may lead to deadlocks in the child.
  pid = os.fork()

[2026-04-25T14:30:14.194+0000] {standard_task_runner.py:72} INFO - Started process 1146 to run task
[2026-04-25T14:30:14.195+0000] {standard_task_runner.py:104} INFO - Running: ['***', 'tasks', 'run', 'wuzzuf_etl_pipeline', 'deduplicate', 'scheduled__2026-04-24T00:00:00+00:00', '--job-id', '10', '--raw', '--subdir', 'DAGS_FOLDER/Wuzuf_Scraper.py', '--cfg-path', '/tmp/tmpw83ipgo_']
[2026-04-25T14:30:14.197+0000] {standard_task_runner.py:105} INFO - Job 10: Subtask deduplicate
[2026-04-25T14:30:14.335+0000] {task_command.py:467} INFO - Running <TaskInstance: wuzzuf_etl_pipeline.deduplicate scheduled__2026-04-24T00:00:00+00:00 [running]> on host e9014596f7a8
[2026-04-25T14:30:14.568+0000] {taskinstance.py:3132} INFO - Exporting env vars: AIRFLOW_CTX_DAG_OWNER='***' AIRFLOW_CTX_DAG_ID='wuzzuf_etl_pipeline' AIRFLOW_CTX_TASK_ID='deduplicate' AIRFLOW_CTX_EXECUTION_DATE='2026-04-24T00:00:00+00:00' AIRFLOW_CTX_TRY_NUMBER='1' AIRFLOW_CTX_DAG_RUN_ID='scheduled__2026-04-24T00:00:00+00:00'
[2026-04-25T14:30:14.571+0000] {logging_mixin.py:190} INFO - Task instance is in running state
[2026-04-25T14:30:14.572+0000] {logging_mixin.py:190} INFO -  Previous state of the Task instance: queued
[2026-04-25T14:30:14.572+0000] {logging_mixin.py:190} INFO - Current task name:deduplicate state:running start_date:2026-04-25 14:30:14.062604+00:00
[2026-04-25T14:30:14.573+0000] {logging_mixin.py:190} INFO - Dag name:wuzzuf_etl_pipeline and current dag run status:running
[2026-04-25T14:30:14.574+0000] {taskinstance.py:731} INFO - ::endgroup::
[2026-04-25T14:30:14.575+0000] {python.py:240} INFO - Done. Returned value was: [{'title': 'Senior Data Engineer', 'company': 'GB Corp -', 'location': 'Giza, Egypt', 'job_link': 'https://wuzzuf.net/jobs/p/desxrlp7krfz-senior-data-engineer-gb-corp-giza-egypt', 'job_types': 'Full Time,On-site'}, {'title': 'Middle Data Engineer', 'company': 'Vertex Technologies  -', 'location': 'Cairo, Egypt', 'job_link': 'https://wuzzuf.net/jobs/p/f3fi6wjnx9o9-middle-data-engineer-vertex-technologies-cairo-egypt', 'job_types': 'Full Time,On-site'}, {'title': 'Senior Data Engineer', 'company': 'Vertex Technologies  -', 'location': 'Cairo, Egypt', 'job_link': 'https://wuzzuf.net/jobs/p/dw9vbculsh2b-senior-data-engineer-vertex-technologies-cairo-egypt', 'job_types': 'Full Time,On-site'}, {'title': 'Data Engineer', 'company': 'Hyundai Rotem -', 'location': 'Cairo, Egypt', 'job_link': 'https://wuzzuf.net/jobs/p/beqgj9o9kpfk-data-engineer-hyundai-rotem-cairo-egypt', 'job_types': 'Full Time,On-site'}, {'title': 'Data Center Engineer (Compute, Storage & Data Protection)', 'company': 'Confidential -', 'location': 'New Capital, Cairo, Egypt', 'job_link': 'https://wuzzuf.net/jobs/p/bitfhi15bemy-data-center-engineer-compute-storage-data-protection-cairo-egypt', 'job_types': 'Full Time,On-site'}, {'title': 'Infrastructure Network Operations Engineer (Data Center & WAN)', 'company': 'Confidential -', 'location': 'New Capital, Cairo, Egypt', 'job_link': 'https://wuzzuf.net/jobs/p/mc8ehc6xddfq-infrastructure-network-operations-engineer-data-center-wan-cairo-egypt', 'job_types': 'Full Time,On-site'}, {'title': 'Quality Control Engineer', 'company': 'Abou Seif Group  -', 'location': 'Obour City, Cairo, Egypt', 'job_link': 'https://wuzzuf.net/jobs/p/asblmg4mgizs-quality-control-engineer-abou-seif-group-cairo-egypt', 'job_types': 'Full Time,On-site'}, {'title': 'Cost Control Engineer', 'company': 'MFO for contracting -', 'location': 'Mohandessin, Giza, Egypt', 'job_link': 'https://wuzzuf.net/jobs/p/30dp6i5j8otu-cost-control-engineer-mfo-for-contracting-giza-egypt', 'job_types': 'Full Time,On-site'}, {'title': 'Planning Engineer', 'company': 'green river for urban development -', 'location': 'New Capital, Cairo, Egypt', 'job_link': 'https://wuzzuf.net/jobs/p/ealxlqic94sv-planning-engineer-green-river-for-urban-development-cairo-egypt', 'job_types': 'Full Time,On-site'}, {'title': 'QS Engineer', 'company': 'Concrete Plus -', 'location': 'Cairo, Egypt', 'job_link': 'https://wuzzuf.net/jobs/p/s7uloeeg1qxy-qs-engineer-concrete-plus-cairo-egypt', 'job_types': 'Full Time,On-site'}, {'title': 'Business Intelligence Engineer - SQL / PYTHON', 'company': 'RISEUP (Endemag for Administrative Skills Development) -', 'location': 'Maadi, Cairo, Egypt', 'job_link': 'https://wuzzuf.net/jobs/p/bl1q5hs5faeq-business-intelligence-engineer-sql-python-riseup-endemag-for-administrative-skills-development-cairo-egypt', 'job_types': 'Full Time,Hybrid'}, {'title': 'Senior Electrical Procurement Engineer', 'company': 'Concrete Plus -', 'location': 'New Cairo, Cairo, Egypt', 'job_link': 'https://wuzzuf.net/jobs/p/oi2e0hcm9gmc-senior-electrical-procurement-engineer-concrete-plus-cairo-egypt', 'job_types': 'Full Time,On-site'}, {'title': 'Production Engineer', 'company': 'El Rashidi El Mizan -', 'location': '6th of October, Giza, Egypt', 'job_link': 'https://wuzzuf.net/jobs/p/hnqrkmq9lp3n-production-engineer-el-rashidi-el-mizan-giza-egypt', 'job_types': 'Full Time,On-site'}, {'title': 'Senior Storage & Backup Engineer', 'company': 'Anzemah -', 'location': 'Giza, Egypt', 'job_link': 'https://wuzzuf.net/jobs/p/zl1tlcwdq9wm-senior-storage-backup-engineer-anzemah-giza-egypt', 'job_types': 'Full Time,On-site'}, {'title': 'Senior Security Engineer / Security Team Lead', 'company': 'Anzemah -', 'location': 'Giza, Egypt', 'job_link': 'https://wuzzuf.net/jobs/p/laprqjalr4h6-senior-security-engineer-security-team-lead-anzemah-giza-egypt', 'job_types': 'Full Time,On-site'}]
[2026-04-25T14:30:14.682+0000] {taskinstance.py:340} INFO - ::group::Post task execution logs
[2026-04-25T14:30:14.682+0000] {taskinstance.py:352} INFO - Marking task as SUCCESS. dag_id=wuzzuf_etl_pipeline, task_id=deduplicate, run_id=scheduled__2026-04-24T00:00:00+00:00, execution_date=20260424T000000, start_date=20260425T143014, end_date=20260425T143014
[2026-04-25T14:30:14.773+0000] {logging_mixin.py:190} INFO - Task instance in success state
[2026-04-25T14:30:14.776+0000] {logging_mixin.py:190} INFO -  Previous state of the Task instance: running
[2026-04-25T14:30:14.778+0000] {logging_mixin.py:190} INFO - Dag name:wuzzuf_etl_pipeline queued_at:2026-04-25 14:29:16.287398+00:00
[2026-04-25T14:30:14.779+0000] {logging_mixin.py:190} INFO - Task hostname:e9014596f7a8 operator:_PythonDecoratedOperator
[2026-04-25T14:30:14.814+0000] {local_task_job_runner.py:266} INFO - Task exited with return code 0
[2026-04-25T14:30:14.849+0000] {taskinstance.py:3895} INFO - 1 downstream tasks scheduled from follow-on schedule check
[2026-04-25T14:30:14.918+0000] {local_task_job_runner.py:245} INFO - ::endgroup::
